<?xml version="1.0" encoding="UTF-8"?>
<testsuite xmlns:xsi="http://www.w3.org/2001/XMLSchema-instance" xsi:noNamespaceSchemaLocation="https://maven.apache.org/surefire/maven-surefire-plugin/xsd/surefire-test-report.xsd" name="com.example.demo.CalcTest" time="0.023" tests="1" errors="1" skipped="0" failures="0">
  <properties>
[...]
</properties>
  <testcase name="com.example.demo.CalcTest" classname="com.example.demo.CalcTest" time="0.021">
    <error message="Unresolved compilation problem: &#10;" type="java.lang.Error">java.lang.Error: 
Unresolved compilation problem: 

	at com.example.demo.CalcTest.テスト前処理(CalcTest.java:16)
</error>
  </testcase>
</testsuite>